app/build/intermediates/manifest_merge_blame_file/debug/manifest-merger-blame-debug-report.txt
1<?xml version="1.0" encoding="utf-8"?>
2<manifest xmlns:android="http://schemas.android.com/apk/res/android"
3    package="com.sabithpkcmnr.facebookads"
4    android:versionCode="1"
5    android:versionName="1.0" >
6
7    <uses-sdk
8        android:minSdkVersion="19"
8-->src\main\AndroidManifest.xml
9        android:targetSdkVersion="28" />
9-->src\main\AndroidManifest.xml
10
11    <uses-permission android:name="android.permission.INTERNET" />
11-->src\main\AndroidManifest.xml:6:5-67
11-->src\main\AndroidManifest.xml:6:22-64
12    <uses-permission android:name="android.permission.ACCESS_NETWORK_STATE" />
12-->src\main\AndroidManifest.xml:7:5-79
12-->src\main\AndroidManifest.xml:7:22-76
13
14    <application
14-->src\main\AndroidManifest.xml:9:5-47:19
15        android:name="com.sabithpkcmnr.facebookads.ActivityBase"
15-->src\main\AndroidManifest.xml:10:9-37
16        android:allowBackup="true"
16-->src\main\AndroidManifest.xml:11:9-35
17        android:appComponentFactory="androidx.core.app.CoreComponentFactory"
17-->[androidx.core:core:1.1.0] AndroidManifest.xml:24:18-86
18        android:debuggable="true"
19        android:icon="@mipmap/ic_launcher"
19-->src\main\AndroidManifest.xml:12:9-43
20        android:supportsRtl="true"
20-->src\main\AndroidManifest.xml:13:9-35
21        android:testOnly="true"
22        android:theme="@style/ThemeAds" >
22-->src\main\AndroidManifest.xml:14:9-40
23        <activity
23-->src\main\AndroidManifest.xml:17:9-24:20
24            android:name="com.sabithpkcmnr.facebookads.ActivitySplash"
24-->src\main\AndroidManifest.xml:19:13-43
25            android:theme="@style/ThemeSplash" >
25-->src\main\AndroidManifest.xml:18:13-47
26            <intent-filter>
26-->src\main\AndroidManifest.xml:20:13-23:29
27                <action android:name="android.intent.action.MAIN" />
27-->src\main\AndroidManifest.xml:21:17-69
27-->src\main\AndroidManifest.xml:21:25-66
28
29                <category android:name="android.intent.category.LAUNCHER" />
29-->src\main\AndroidManifest.xml:22:17-77
29-->src\main\AndroidManifest.xml:22:27-74
30            </intent-filter>
31        </activity>
32        <activity
32-->src\main\AndroidManifest.xml:26:9-29:41
33            android:name="com.sabithpkcmnr.facebookads.ActivityHome"
33-->src\main\AndroidManifest.xml:28:13-41
34            android:label="Home Page"
34-->src\main\AndroidManifest.xml:29:13-38
35            android:theme="@style/ThemeDefault" />
35-->src\main\AndroidManifest.xml:27:13-48
36        <activity
36-->src\main\AndroidManifest.xml:31:9-33:42
37            android:name="com.sabithpkcmnr.facebookads.Ad_Banner"
37-->src\main\AndroidManifest.xml:32:13-38
38            android:label="Banner Ads" />
38-->src\main\AndroidManifest.xml:33:13-39
39        <activity
39-->src\main\AndroidManifest.xml:35:9-37:47
40            android:name="com.sabithpkcmnr.facebookads.Ad_Interstitial"
40-->src\main\AndroidManifest.xml:36:13-44
41            android:label="Interstitial Ad" />
41-->src\main\AndroidManifest.xml:37:13-44
42        <activity
42-->src\main\AndroidManifest.xml:39:9-41:44
43            android:name="com.sabithpkcmnr.facebookads.Ad_Rectangle"
43-->src\main\AndroidManifest.xml:40:13-41
44            android:label="Rectangle Ad" />
44-->src\main\AndroidManifest.xml:41:13-41
45        <activity
45-->src\main\AndroidManifest.xml:43:9-45:41
46            android:name="com.sabithpkcmnr.facebookads.Ad_Reward"
46-->src\main\AndroidManifest.xml:44:13-38
47            android:label="Reward Ad" />
47-->src\main\AndroidManifest.xml:45:13-38
48        <activity
48-->[com.facebook.android:audience-network-sdk:5.3.1] AndroidManifest.xml:15:9-19:75
49            android:name="com.facebook.ads.AudienceNetworkActivity"
49-->[com.facebook.android:audience-network-sdk:5.3.1] AndroidManifest.xml:16:13-68
50            android:configChanges="keyboardHidden|orientation|screenSize"
50-->[com.facebook.android:audience-network-sdk:5.3.1] AndroidManifest.xml:17:13-74
51            android:exported="false"
51-->[com.facebook.android:audience-network-sdk:5.3.1] AndroidManifest.xml:18:13-37
52            android:theme="@android:style/Theme.Translucent.NoTitleBar" />
52-->[com.facebook.android:audience-network-sdk:5.3.1] AndroidManifest.xml:19:13-72
53        <activity
53-->[com.facebook.android:audience-network-sdk:5.3.1] AndroidManifest.xml:20:9-25:75
54            android:name="com.facebook.ads.internal.ipc.RemoteANActivity"
54-->[com.facebook.android:audience-network-sdk:5.3.1] AndroidManifest.xml:21:13-74
55            android:configChanges="keyboardHidden|orientation|screenSize"
55-->[com.facebook.android:audience-network-sdk:5.3.1] AndroidManifest.xml:22:13-74
56            android:exported="false"
56-->[com.facebook.android:audience-network-sdk:5.3.1] AndroidManifest.xml:23:13-37
57            android:process=":adnw"
57-->[com.facebook.android:audience-network-sdk:5.3.1] AndroidManifest.xml:24:13-36
58            android:theme="@android:style/Theme.Translucent.NoTitleBar" />
58-->[com.facebook.android:audience-network-sdk:5.3.1] AndroidManifest.xml:25:13-72
59
60        <service
60-->[com.facebook.android:audience-network-sdk:5.3.1] AndroidManifest.xml:27:9-29:40
61            android:name="com.facebook.ads.internal.ipc.AdsProcessPriorityService"
61-->[com.facebook.android:audience-network-sdk:5.3.1] AndroidManifest.xml:28:13-83
62            android:exported="false" />
62-->[com.facebook.android:audience-network-sdk:5.3.1] AndroidManifest.xml:29:13-37
63        <service
63-->[com.facebook.android:audience-network-sdk:5.3.1] AndroidManifest.xml:30:9-33:39
64            android:name="com.facebook.ads.internal.ipc.AdsMessengerService"
64-->[com.facebook.android:audience-network-sdk:5.3.1] AndroidManifest.xml:31:13-77
65            android:exported="false"
65-->[com.facebook.android:audience-network-sdk:5.3.1] AndroidManifest.xml:32:13-37
66            android:process=":adnw" />
66-->[com.facebook.android:audience-network-sdk:5.3.1] AndroidManifest.xml:33:13-36
67
68        <meta-data
68-->[com.google.android.gms:play-services-basement:11.0.4] AndroidManifest.xml:20:9-121
69            android:name="com.google.android.gms.version"
69-->[com.google.android.gms:play-services-basement:11.0.4] AndroidManifest.xml:20:20-65
70            android:value="@integer/google_play_services_version" />
70-->[com.google.android.gms:play-services-basement:11.0.4] AndroidManifest.xml:20:66-119
71    </application>
72
73</manifest>